-9.172500720186718844e-05
-1.858228266138011548e-04
-6.407148847965484385e-04
-4.572584623357697580e-04
5.217956464621672456e-04
2.179074378565375256e-04
-1.999755978874420952e-03
-2.399545217831238614e-03
-3.473051816450400562e-04
-4.893600857694136753e-03
-4.888696597644349908e-04
-1.622150413642447705e-04
-8.355238947118043356e-05
-8.644550564584686542e-05
-1.220576983639299443e-06
-4.918382278568003523e-04
-4.644199537106842379e-05
-9.286139396247599515e-05
-8.122873708793776619e-05
-7.758776853704930909e-05
-4.257121233919690904e-03
-1.990828655806176245e-06
-4.106343272466467042e-05
-1.500291351098468609e-03
2.667100588435754923e-04
-2.186245412334322791e-03
-4.603863438396906265e-04
-1.360487124487148739e-03
-1.006757142881736469e-04
-3.480991544933759695e-03
-1.392649363581071806e-04
-3.486678186400149655e-03
3.417381743162225486e-04
1.761866210186520485e-03
-1.205855537211693919e-05
-3.670739083443772411e-04
-1.131776124542915526e-02
-1.467775415543670810e-03
-2.970802336035881664e-03
-1.174692599122106711e-03
6.922247943458760414e-04
1.533092894730847143e-03
4.762503823689403322e-04
8.846690458763068268e-03
-6.503327916461447249e-03
9.369688922941932230e-04
-4.624512350336775868e-04
-1.356038494782630180e-03
-4.315720925191764775e-04
1.787075724154720728e-03
1.413331776925223142e-05
-7.351650248615686136e-04
1.367873215532722665e-03
-1.054797650150401771e-02
-2.215073286369357176e-03
-3.363174069530745769e-03
-8.696639753960403157e-04
1.435808194162727786e-03
-3.512712173200194070e-04
8.227801272269679540e-04
9.705886375937163718e-03
-2.788602405273284287e-07
-7.971802616594885448e-04
-1.364495390796868898e-03
-2.285879096924451747e-03
-7.872538439244393567e-04
5.760207485484110856e-04
-7.233513432252782838e-04
-9.456529406865393783e-03
-3.915378513815919850e-06
3.807715998733991812e-04
-3.113620017715253057e-06
-2.964862702456669550e-06
-2.888683668274274625e-05
3.903873728319985246e-05
-3.980533776105202301e-06
1.560148405630190920e-04
4.800919570462110881e-04
2.779725140537590063e-04
-7.587327914903870647e-05
-5.979417360999517850e-05
1.737943335543875277e-03
8.424206128836394299e-04
-1.348023064730730188e-05
4.058655665481389601e-04
2.115064589927921829e-04
-4.604070741818414405e-06
-6.266585872645352761e-04
-5.873627950467412700e-05
-1.586155540353378153e-05
1.430163573625244339e-04
1.336589942389154132e-04
4.146058282699393617e-04
-8.656303061199503972e-05
-9.563467139898598106e-05
-1.838837003284767978e-05
2.201958817465912027e-04
-1.330498713487947326e-04
-4.371312746868864633e-05
1.357952421694089801e-04
-6.308745156237962552e-05
-2.875185897569723507e-05
-1.380877103014416414e-04
-1.603203790634876672e-04
-7.014558530972919172e-05
-5.523197338993330457e-03
3.710877226070048111e-04
-1.137757896289761759e-05
3.946022617425576687e-04
1.595848028145488299e-04
-1.262825198760257411e-04
-8.441627384254752795e-05
9.712612690348669314e-05
-2.146587646312405977e-04
-6.911719363393897038e-05
-9.753957087730921326e-05
-3.905122459908594410e-04
-4.323359252099066808e-04
-4.136335380456045998e-04
1.570116517787906933e-04
-2.821050659726666385e-03
-7.625898776087108952e-04
7.454391960463336295e-05
-5.021332181381437092e-04
9.011175037854082282e-25
-1.177666849332558449e-03
1.071349691283830828e-03
-4.138863274790732382e-05
-7.527894800238387580e-05
-1.166603731509980950e-04
-1.489071020459472263e-25
-2.750664734054380860e-04
-4.148950373133020412e-25
-4.419911086272041052e-03
6.457751962270577312e-05
4.379042172499209343e-04
-3.085280670924856719e-04
-6.265908463521192504e-04
-2.548410715573961932e-04
-5.042806393919841047e-05
8.386719766706472506e-05
-8.853455246531154083e-25
-2.214439937737846520e-05
-1.341342296092180430e-03
-1.152590861123383044e-04
9.699032972434746668e-04
2.300522825977486814e-04
4.423620804421353925e-04
1.597164184346841487e-03
-4.604070741818414405e-06
4.515045700575518687e-04
4.992118761591859489e-04
2.428264573891096014e-04
1.639159064098444059e-03
1.774330789360871116e-03
-1.493327770345402941e-04
2.301616534935876880e-04
8.633828616468575102e-05
1.034087692089648850e-04
-3.017124747659761402e-04
2.636220934870538504e-04
-7.204899657020647809e-03
-4.653303696314968485e-03
-5.788049449124691483e-05
-1.511695662239464260e-24
3.324100155360292473e-05
-2.370209172639142694e-06
-1.127194876387876152e-04
-2.788602405273284287e-07
-1.348023064730730188e-05
-1.011174686754080137e-04
4.630789134896831752e-05
-3.683193918541593451e-05
-5.859677470714089897e-05
-1.744573223799638566e-04
7.386810407769554994e-05
-5.490382775185214797e-05
4.486291670477744747e-05
6.540263781375538088e-25
-3.029651790768346348e-06
4.480539910885721197e-05
-3.295724640494029163e-05
-8.319203066148889050e-05
1.338734570925527903e-05
7.633534629752585887e-05
1.221365774586825195e-05
-3.637488150862378546e-06
-1.148059656412703345e-25
2.853371178659811175e-04
-2.716227465175996433e-06
-1.086314122450157904e-04
-1.714823709432033185e-06
-1.485576357010368521e-05
-7.968702522848580678e-26
-2.133631455810054942e-06
-4.130683513117234016e-05
-2.374094032476033758e-05
-3.343646579922090713e-05
-9.031928333949405233e-05
4.167596973065937046e-04
8.820422283504479350e-05
6.459493818036066799e-04
9.624596007244535611e-06
-2.680362682922805275e-06
6.682521638275956796e-05
1.031043110297311257e-04
-3.424961068719613828e-06
-4.425409172051840109e-05
1.826400763011382859e-04
-1.971866883328979964e-04
-3.440333121892104546e-04
-1.054176435883063569e-04
-3.873987132375746392e-04
-9.933963771386530850e-06
-8.382382616527718502e-06
-1.206083096735145277e-04
-2.314085976941746006e-06
1.105546697428072463e-05
-4.243245863031713078e-05
1.416653969122113699e-04
-2.387336052581979305e-05
-4.665176478478176613e-06
4.460673920984655691e-25
-1.000145900837268323e-24
-2.611080705188061718e-06
-2.677341741022627665e-04
1.152465716083749052e-04
-1.626157384327031824e-04
-1.603533549400617045e-04
2.501802289389374082e-05
-1.660428811150119601e-04
-2.709977703008137838e-04
-1.598055932791847371e-05
-1.519486352187465565e-04
-1.451069195192156418e-03
2.778336747157798912e-04
-7.733170826298811640e-05
-7.327100849717290581e-05
-3.980533776105202301e-06
-2.631256609727102727e-05
-4.483364959752965975e-05
-2.084924394518084477e-05
-4.442305809855374510e-04
-6.124434318005087105e-04
-8.539376302877234141e-05
1.839833704276405235e-04
-8.258910390507404357e-05
-4.119921259493878094e-05
1.507123033225318354e-04
-6.109493684036131794e-05
-7.920735189673596907e-05
-5.280679017554228941e-05
-9.420565861215690119e-05
1.883110579842040878e-04
-8.093834105025134369e-05
-1.763575109981342203e-04
-1.443244899925149693e-04
-5.898997333177323412e-04
3.606332217423819037e-04
2.932148620822511761e-03
-6.654280689214394913e-05
-1.781710305754096101e-06
-3.496547369351333829e-04
-8.500033694711154860e-05
1.293491432693201926e-04
7.115519268214372424e-05
-3.788265049565273865e-25
-2.628867363028766237e-04
-2.265994462067514150e-04
-1.397337786670973132e-06
-7.394928413177236993e-05
-9.617428655455612986e-05
-2.709240857920646654e-04
-2.316298512942571719e-03
-5.759324240665232309e-05
-5.586494388415600256e-04
-2.187808284365755135e-04
-8.854537498291142124e-05
-7.393299667699951630e-04
-1.754533929617733333e-06
8.390867867282416714e-05
-2.719452531141405624e-06
-7.474428400124637662e-05
-5.593070780174277200e-06
1.955734654117104382e-04
-4.556539564713546765e-06
-2.731039877309722156e-06
4.004755603399449051e-06
-1.004247276801672616e-04
-4.568975863862003417e-06
1.348905077393145184e-04
5.264280752354147223e-05
-2.690478575623647759e-04
5.115836438619235458e-04
-1.173829486036889351e-04
-6.424979845327123391e-05
-3.372195328065863244e-05
-3.553403287881397223e-05
1.666676759122242028e-04
-2.909976300057809668e-06
9.051243551819770808e-05
-9.831853006005165376e-05
-2.570034723949473349e-06
1.320263134933427347e-04
1.455863922405415181e-04
4.086313083785121060e-06
-3.471143917996006204e-06
1.549916869526000097e-25
-2.378685152069215928e-05
4.587240286462959281e-04
1.863502528808433573e-04
2.322881217408151650e-04
-4.118164918272469136e-05
-8.544988758012678827e-05
-1.333588418698906193e-04
-3.074023302689693355e-06
-3.666873289434575229e-05
-1.077508621011994135e-25
-2.665291077639928576e-06
-5.120028206347568256e-05
9.360877578755136188e-05
-6.213999755278135327e-06
2.356169849280283403e-06
-4.919085368263708796e-05
-7.829530835674754455e-25
-2.276339691869272437e-06
-1.040923598146411411e-04
-3.591665943705681270e-05
-3.113620017715253057e-06
1.761104289058965095e-05
1.410209134070474553e-04
-5.677529977295041802e-05
-1.485680454587258928e-05
-1.367580819765852498e-04
2.223836941171389986e-04
-1.056976253370576092e-04
-7.482062490345631791e-06
-8.712406732802419290e-05
-6.569246706115128242e-06
-2.515347983564228691e-05
-7.134446890198259037e-05
-4.352597460243697633e-05
-6.883343006656284348e-05
8.358807872071266057e-06
4.728671338726480721e-04
3.918339903116547433e-04
-8.944298670766446938e-05
-1.719963875168036916e-06
7.728853613994112660e-25
-4.604070741818414405e-06
-6.616484444962994291e-06
-4.345645902399458086e-05
-8.729049431775523927e-05
-2.370209172639142694e-06
-9.239200452843208527e-06
-2.711362892595565021e-06
-2.394830615239339279e-05
9.104224237455461752e-25
-1.235015816275385890e-06
-2.363462199445470825e-06
-5.412704245957613685e-05
7.171962280222604657e-05
5.155700900967495651e-25
-1.591143532180013377e-04
-6.265645261347177160e-05
-1.341719680372576196e-05
-8.302816042869386724e-05
-8.029072889491931472e-06
-1.618482664679824038e-06
-4.570567528286164857e-06
-4.291622188251506759e-05
-7.147993748729882131e-05
-5.012096869169624846e-05
-2.875185897569723507e-05
4.012376466138344486e-25
-9.001137291216225744e-01
